<?xml version="1.0" encoding="UTF-8"?>
<testng-results skipped="0" failed="0" ignored="0" total="1" passed="1">
  <reporter-output>
  </reporter-output>
  <suite name="Default suite" duration-ms="210286" started-at="2020-04-12T20:24:26 IST" finished-at="2020-04-12T20:27:56 IST">
    <groups>
      <group name="cucumber">
        <method signature="AbstractTestNGCucumberTests.feature(cucumber.api.testng.CucumberFeatureWrapper)[pri:0, instance:com.testrunner.Test1@157632c9]" name="feature" class="cucumber.api.testng.AbstractTestNGCucumberTests"/>
      </group> <!-- cucumber -->
    </groups>
    <test name="Default test" duration-ms="210286" started-at="2020-04-12T20:24:26 IST" finished-at="2020-04-12T20:27:56 IST">
      <class name="com.testrunner.Test1">
        <test-method status="PASS" signature="setUpClass()[pri:0, instance:com.testrunner.Test1@157632c9]" name="setUpClass" is-config="true" duration-ms="541" started-at="2020-04-12T20:24:26 IST" finished-at="2020-04-12T20:24:27 IST">
          <reporter-output>
          </reporter-output>
        </test-method> <!-- setUpClass -->
        <test-method status="PASS" signature="feature(cucumber.api.testng.CucumberFeatureWrapper)[pri:0, instance:com.testrunner.Test1@157632c9]" name="feature" duration-ms="206394" started-at="2020-04-12T20:24:27 IST" description="Runs Cucumber Feature" data-provider="features" finished-at="2020-04-12T20:27:53 IST">
          <params>
            <param index="0">
              <value>
                <![CDATA[opencart]]>
              </value>
            </param>
          </params>
          <reporter-output>
          </reporter-output>
        </test-method> <!-- feature -->
        <test-method status="PASS" signature="tearDownClass()[pri:0, instance:com.testrunner.Test1@157632c9]" name="tearDownClass" is-config="true" duration-ms="3046" started-at="2020-04-12T20:27:53 IST" finished-at="2020-04-12T20:27:56 IST">
          <reporter-output>
          </reporter-output>
        </test-method> <!-- tearDownClass -->
      </class> <!-- com.testrunner.Test1 -->
    </test> <!-- Default test -->
  </suite> <!-- Default suite -->
</testng-results>
